This is XeTeX, Version 3.141592653-2.6-0.999995 (MiKTeX 23.10) (preloaded format=xelatex 2024.1.22)  10 JUN 2026 23:43
entering extended mode
 restricted \write18 enabled.
 %&-line parsing enabled.
**./main.tex
(main.tex
LaTeX2e <2023-06-01> patch level 1
L3 programming layer <2023-08-29>
(setup.tex (vkr.cls
Document Class: vkr VKR class

(C:\Users\Николай\AppData\Local\Programs\MiKTeX\tex/latex/fontspec\fontspec.sty

(C:\Users\Николай\AppData\Local\Programs\MiKTeX\tex/latex/l3packages/xparse\xpa
rse.sty
(C:\Users\Николай\AppData\Local\Programs\MiKTeX\tex/latex/l3kernel\expl3.sty
Package: expl3 2023-08-29 L3 programming layer (loader) 

(C:\Users\Николай\AppData\Local\Programs\MiKTeX\tex/latex/l3backend\l3backend-x
etex.def
File: l3backend-xetex.def 2023-04-19 L3 backend support: XeTeX
\g__graphics_track_int=\count181
\l__pdf_internal_box=\box51
\g__pdf_backend_object_int=\count182
\g__pdf_backend_annotation_int=\count183
\g__pdf_backend_link_int=\count184
))
Package: xparse 2023-08-29 L3 Experimental document command parser
)
Package: fontspec 2022/01/15 v2.8a Font selection for XeLaTeX and LuaLaTeX

(C:\Users\Николай\AppData\Local\Programs\MiKTeX\tex/latex/fontspec\fontspec-xet
ex.sty
Package: fontspec-xetex 2022/01/15 v2.8a Font selection for XeLaTeX and LuaLaTe
X
\l__fontspec_script_int=\count185
\l__fontspec_language_int=\count186
\l__fontspec_strnum_int=\count187
\l__fontspec_tmp_int=\count188
\l__fontspec_tmpa_int=\count189
\l__fontspec_tmpb_int=\count190
\l__fontspec_tmpc_int=\count191
\l__fontspec_em_int=\count192
\l__fontspec_emdef_int=\count193
\l__fontspec_strong_int=\count194
\l__fontspec_strongdef_int=\count195
\l__fontspec_tmpa_dim=\dimen140
\l__fontspec_tmpb_dim=\dimen141
\l__fontspec_tmpc_dim=\dimen142

(C:\Users\Николай\AppData\Local\Programs\MiKTeX\tex/latex/base\fontenc.sty
Package: fontenc 2021/04/29 v2.0v Standard LaTeX package
)
(C:\Users\Николай\AppData\Local\Programs\MiKTeX\tex/latex/fontspec\fontspec.cfg
)))

Package fontspec Info: Font family 'TimesNewRoman(0)' created for font 'Times
(fontspec)             New Roman' with options [Ligatures=TeX].
(fontspec)              
(fontspec)              This font family consists of the following NFSS
(fontspec)             series/shapes:
(fontspec)              
(fontspec)             - 'normal' (m/n) with NFSS spec.: <->"Times New
(fontspec)             Roman/OT:script=latn;language=dflt;mapping=tex-text;"
(fontspec)             - 'small caps'  (m/sc) with NFSS spec.: <->"Times New
(fontspec)             Roman/OT:script=latn;language=dflt;+smcp;mapping=tex-tex
t;"
(fontspec)             - 'bold' (b/n) with NFSS spec.: <->"Times New
(fontspec)             Roman/B/OT:script=latn;language=dflt;mapping=tex-text;"
(fontspec)             - 'bold small caps'  (b/sc) with NFSS spec.: <->"Times
(fontspec)             New
(fontspec)             Roman/B/OT:script=latn;language=dflt;+smcp;mapping=tex-t
ext;"
(fontspec)             - 'italic' (m/it) with NFSS spec.: <->"Times New
(fontspec)             Roman/I/OT:script=latn;language=dflt;mapping=tex-text;"
(fontspec)             - 'italic small caps'  (m/scit) with NFSS spec.:
(fontspec)             <->"Times New
(fontspec)             Roman/I/OT:script=latn;language=dflt;+smcp;mapping=tex-t
ext;"
(fontspec)             - 'bold italic' (b/it) with NFSS spec.: <->"Times New
(fontspec)             Roman/BI/OT:script=latn;language=dflt;mapping=tex-text;"

(fontspec)             - 'bold italic small caps'  (b/scit) with NFSS spec.:
(fontspec)             <->"Times New
(fontspec)             Roman/BI/OT:script=latn;language=dflt;+smcp;mapping=tex-
text;"

\pagetop=\skip48
\pagebottom=\skip49
\pageleft=\skip50
\pageright=\skip51
\pwidth=\skip52
\pheight=\skip53
\saved@arstrutbox=\box52
\c@section=\count196
\c@subsection=\count197
\c@subsubsection=\count198
\c@paragraph=\count199
\c@figure=\count266
\c@figurecnt=\count267
\abovecaptionskip=\skip54
\belowcaptionskip=\skip55
\c@table=\count268
\c@tablecnt=\count269
\c@lastpage=\count270
\c@числоПлакатов=\count271
\c@bibcount=\count272
)
(C:\Users\Николай\AppData\Local\Programs\MiKTeX\tex/generic/babel\babel.sty
Package: babel 2023/09/29 v3.95 The Babel package
\babel@savecnt=\count273
\U@D=\dimen143
\l@unhyphenated=\language79

(C:\Users\Николай\AppData\Local\Programs\MiKTeX\tex/generic/babel\xebabel.def)
\bbl@readstream=\read2
\bbl@dirlevel=\count274

*************************************
* Local config file bblopts.cfg used
*
(C:\Users\Николай\AppData\Local\Programs\MiKTeX\tex/latex/arabi\bblopts.cfg
File: bblopts.cfg 2005/09/08 v0.1 add Arabic and Farsi to "declared" options of
 babel
)
(C:\Users\Николай\AppData\Local\Programs\MiKTeX\tex/latex/babel-english\english
.ldf
Language: english 2017/06/06 v3.3r English support from the babel system
Package babel Info: Hyphen rules for 'canadian' set to \l@english
(babel)             (\language0). Reported on input line 102.
Package babel Info: Hyphen rules for 'australian' set to \l@ukenglish
(babel)             (\language73). Reported on input line 105.
Package babel Info: Hyphen rules for 'newzealand' set to \l@ukenglish
(babel)             (\language73). Reported on input line 108.
)
(C:\Users\Николай\AppData\Local\Programs\MiKTeX\tex/latex/babel-russian\russian
b.ldf
File: russianb.ldf 2021/01/10 1.3m Russian support for the Babel system
Language: russian 2020/09/09 1.3k Russian support for the Babel system
Package babel Info: Making " an active character on input line 124.
Package babel Info: Default for \cyrdash is provided on input line 163.
))
(C:\Users\Николай\AppData\Local\Programs\MiKTeX\tex/generic/babel/locale/ru\bab
el-russian.tex
Package babel Info: Importing font and identification data for russian
(babel)             from babel-ru.ini. Reported on input line 11.
)
(C:\Users\Николай\AppData\Local\Programs\MiKTeX\tex/generic/babel/locale/en\bab
el-english.tex
Package babel Info: Importing font and identification data for english
(babel)             from babel-en.ini. Reported on input line 11.
)
(C:\Users\Николай\AppData\Local\Programs\MiKTeX\tex/latex/graphics\graphicx.sty
Package: graphicx 2021/09/16 v1.2d Enhanced LaTeX Graphics (DPC,SPQR)
(C:\Users\Николай\AppData\Local\Programs\MiKTeX\tex/latex/graphics\keyval.sty
Package: keyval 2022/05/29 v1.15 key=value parser (DPC)
\KV@toks@=\toks17
)
(C:\Users\Николай\AppData\Local\Programs\MiKTeX\tex/latex/graphics\graphics.sty
Package: graphics 2022/03/10 v1.4e Standard LaTeX Graphics (DPC,SPQR)
(C:\Users\Николай\AppData\Local\Programs\MiKTeX\tex/latex/graphics\trig.sty
Package: trig 2021/08/11 v1.11 sin cos tan (DPC)
)
(C:\Users\Николай\AppData\Local\Programs\MiKTeX\tex/latex/graphics-cfg\graphics
.cfg
File: graphics.cfg 2016/06/04 v1.11 sample graphics configuration
)
Package graphics Info: Driver file: xetex.def on input line 107.

(C:\Users\Николай\AppData\Local\Programs\MiKTeX\tex/latex/graphics-def\xetex.de
f
File: xetex.def 2022/09/22 v5.0n Graphics/color driver for xetex
))
\Gin@req@height=\dimen144
\Gin@req@width=\dimen145
)
(C:\Users\Николай\AppData\Local\Programs\MiKTeX\tex/latex/hyperref\hyperref.sty
Package: hyperref 2023-07-08 v7.01b Hypertext links for LaTeX

(C:\Users\Николай\AppData\Local\Programs\MiKTeX\tex/generic/ltxcmds\ltxcmds.sty
Package: ltxcmds 2023-12-04 v1.26 LaTeX kernel commands for general use (HO)
) (C:\Users\Николай\AppData\Local\Programs\MiKTeX\tex/generic/iftex\iftex.sty
Package: iftex 2022/02/03 v1.0f TeX engine tests
)
(C:\Users\Николай\AppData\Local\Programs\MiKTeX\tex/generic/pdftexcmds\pdftexcm
ds.sty
Package: pdftexcmds 2020-06-27 v0.33 Utility functions of pdfTeX for LuaTeX (HO
)

(C:\Users\Николай\AppData\Local\Programs\MiKTeX\tex/generic/infwarerr\infwarerr
.sty
Package: infwarerr 2019/12/03 v1.5 Providing info/warning/error messages (HO)
)
Package pdftexcmds Info: \pdf@primitive is available.
Package pdftexcmds Info: \pdf@ifprimitive is available.
Package pdftexcmds Info: \pdfdraftmode not found.
)
(C:\Users\Николай\AppData\Local\Programs\MiKTeX\tex/latex/kvsetkeys\kvsetkeys.s
ty
Package: kvsetkeys 2022-10-05 v1.19 Key value parser (HO)
)
(C:\Users\Николай\AppData\Local\Programs\MiKTeX\tex/generic/kvdefinekeys\kvdefi
nekeys.sty
Package: kvdefinekeys 2019-12-19 v1.6 Define keys (HO)
)
(C:\Users\Николай\AppData\Local\Programs\MiKTeX\tex/generic/pdfescape\pdfescape
.sty
Package: pdfescape 2019/12/09 v1.15 Implements pdfTeX's escape features (HO)
)
(C:\Users\Николай\AppData\Local\Programs\MiKTeX\tex/latex/hycolor\hycolor.sty
Package: hycolor 2020-01-27 v1.10 Color options for hyperref/bookmark (HO)
)
(C:\Users\Николай\AppData\Local\Programs\MiKTeX\tex/latex/letltxmacro\letltxmac
ro.sty
Package: letltxmacro 2019/12/03 v1.6 Let assignment for LaTeX macros (HO)
)
(C:\Users\Николай\AppData\Local\Programs\MiKTeX\tex/latex/auxhook\auxhook.sty
Package: auxhook 2019-12-17 v1.6 Hooks for auxiliary files (HO)
)
(C:\Users\Николай\AppData\Local\Programs\MiKTeX\tex/latex/hyperref\nameref.sty
Package: nameref 2023-08-07 v2.53 Cross-referencing by name of section

(C:\Users\Николай\AppData\Local\Programs\MiKTeX\tex/latex/refcount\refcount.sty
Package: refcount 2019/12/15 v3.6 Data extraction from label references (HO)
)
(C:\Users\Николай\AppData\Local\Programs\MiKTeX\tex/generic/gettitlestring\gett
itlestring.sty
Package: gettitlestring 2019/12/15 v1.6 Cleanup title references (HO)

(C:\Users\Николай\AppData\Local\Programs\MiKTeX\tex/latex/kvoptions\kvoptions.s
ty
Package: kvoptions 2022-06-15 v3.15 Key value format for package options (HO)
))
\c@section@level=\count275
)
(C:\Users\Николай\AppData\Local\Programs\MiKTeX\tex/latex/etoolbox\etoolbox.sty
Package: etoolbox 2020/10/05 v2.5k e-TeX tools for LaTeX (JAW)
\etb@tempcnta=\count276
)
\@linkdim=\dimen146
\Hy@linkcounter=\count277
\Hy@pagecounter=\count278
 (C:\Users\Николай\AppData\Local\Programs\MiKTeX\tex/latex/hyperref\pd1enc.def
File: pd1enc.def 2023-07-08 v7.01b Hyperref: PDFDocEncoding definition (HO)
)
(C:\Users\Николай\AppData\Local\Programs\MiKTeX\tex/generic/intcalc\intcalc.sty
Package: intcalc 2019/12/15 v1.3 Expandable calculations with integers (HO)
)
\Hy@SavedSpaceFactor=\count279
 (C:\Users\Николай\AppData\Local\Programs\MiKTeX\tex/latex/hyperref\puenc.def
File: puenc.def 2023-07-08 v7.01b Hyperref: PDF Unicode definition (HO)
)
Package hyperref Info: Option `unicode' set `true' on input line 3153.
Package hyperref Info: Hyper figures OFF on input line 4167.
Package hyperref Info: Link nesting OFF on input line 4172.
Package hyperref Info: Hyper index ON on input line 4175.
Package hyperref Info: Plain pages OFF on input line 4182.
Package hyperref Info: Backreferencing OFF on input line 4187.
Package hyperref Info: Implicit mode ON; LaTeX internals redefined.
Package hyperref Info: Bookmarks ON on input line 4434.
\c@Hy@tempcnt=\count280
(C:\Users\Николай\AppData\Local\Programs\MiKTeX\tex/latex/url\url.sty
\Urlmuskip=\muskip16
Package: url 2013/09/16  ver 3.4  Verb mode for urls, etc.
)
LaTeX Info: Redefining \url on input line 4772.
\XeTeXLinkMargin=\dimen147

(C:\Users\Николай\AppData\Local\Programs\MiKTeX\tex/generic/bitset\bitset.sty
Package: bitset 2019/12/09 v1.3 Handle bit-vector datatype (HO)

(C:\Users\Николай\AppData\Local\Programs\MiKTeX\tex/generic/bigintcalc\bigintca
lc.sty
Package: bigintcalc 2019/12/15 v1.5 Expandable calculations on big integers (HO
)
))
\Fld@menulength=\count281
\Field@Width=\dimen148
\Fld@charsize=\dimen149
Package hyperref Info: Hyper figures OFF on input line 6051.
Package hyperref Info: Link nesting OFF on input line 6056.
Package hyperref Info: Hyper index ON on input line 6059.
Package hyperref Info: backreferencing OFF on input line 6066.
Package hyperref Info: Link coloring OFF on input line 6071.
Package hyperref Info: Link coloring with OCG OFF on input line 6076.
Package hyperref Info: PDF/A mode OFF on input line 6081.

(C:\Users\Николай\AppData\Local\Programs\MiKTeX\tex/latex/base\atbegshi-ltx.sty
Package: atbegshi-ltx 2021/01/10 v1.0c Emulation of the original atbegshi
package with kernel methods
)
\Hy@abspage=\count282
\c@Item=\count283
\c@Hfootnote=\count284
)
Package hyperref Info: Driver (autodetected): hxetex.

(C:\Users\Николай\AppData\Local\Programs\MiKTeX\tex/latex/hyperref\hxetex.def
File: hxetex.def 2023-07-08 v7.01b Hyperref driver for XeTeX

(C:\Users\Николай\AppData\Local\Programs\MiKTeX\tex/generic/stringenc\stringenc
.sty
Package: stringenc 2019/11/29 v1.12 Convert strings between diff. encodings (HO
)
)
\pdfm@box=\box53
\c@Hy@AnnotLevel=\count285
\HyField@AnnotCount=\count286
\Fld@listcount=\count287
\c@bookmark@seq@number=\count288

(C:\Users\Николай\AppData\Local\Programs\MiKTeX\tex/latex/rerunfilecheck\rerunf
ilecheck.sty
Package: rerunfilecheck 2022-07-10 v1.10 Rerun checks for auxiliary files (HO)

(C:\Users\Николай\AppData\Local\Programs\MiKTeX\tex/latex/base\atveryend-ltx.st
y
Package: atveryend-ltx 2020/08/19 v1.0a Emulation of the original atveryend pac
kage
with kernel methods
)
(C:\Users\Николай\AppData\Local\Programs\MiKTeX\tex/generic/uniquecounter\uniqu
ecounter.sty
Package: uniquecounter 2019/12/15 v1.4 Provide unlimited unique counter (HO)
)
Package uniquecounter Info: New unique counter `rerunfilecheck' on input line 2
85.
)
\Hy@SectionHShift=\skip56
)
(C:\Users\Николай\AppData\Local\Programs\MiKTeX\tex/latex/float\float.sty
Package: float 2001/11/08 v1.3d Float enhancements (AL)
\c@float@type=\count289
\float@exts=\toks18
\float@box=\box54
\@float@everytoks=\toks19
\@floatcapt=\box55
)
(C:\Users\Николай\AppData\Local\Programs\MiKTeX\tex/latex/pdflscape\pdflscape.s
ty
Package: pdflscape 2022-10-27 v0.13 Display of landscape pages in PDF

(C:\Users\Николай\AppData\Local\Programs\MiKTeX\tex/latex/pdflscape\pdflscape-n
ometadata.sty
Package: pdflscape-nometadata 2022-10-28 v0.13 Display of landscape pages in PD
F (HO)

(C:\Users\Николай\AppData\Local\Programs\MiKTeX\tex/latex/graphics\lscape.sty
Package: lscape 2020/05/28 v3.02 Landscape Pages (DPC)
)
Package pdflscape Info: Auto-detected driver: dvipdfm (xetex) on input line 98.

)) (xltabular.sty
Package: xltabular 2020/11/04 v0.2e `xltabular' package (hv,RN)

(C:\Users\Николай\AppData\Local\Programs\MiKTeX\tex/latex/tools\tabularx.sty
Package: tabularx 2020/01/15 v2.11c `tabularx' package (DPC)

(C:\Users\Николай\AppData\Local\Programs\MiKTeX\tex/latex/tools\array.sty
Package: array 2022/09/04 v2.5g Tabular extension package (FMi)
\col@sep=\dimen150
\ar@mcellbox=\box56
\extrarowheight=\dimen151
\NC@list=\toks20
\extratabsurround=\skip57
\backup@length=\skip58
\ar@cellbox=\box57
)
\TX@col@width=\dimen152
\TX@old@table=\dimen153
\TX@old@col=\dimen154
\TX@target=\dimen155
\TX@delta=\dimen156
\TX@cols=\count290
\TX@ftn=\toks21
)
(C:\Users\Николай\AppData\Local\Programs\MiKTeX\tex/latex/ltablex\ltablex.sty
Package: ltablex 2014/08/13 v1.1 Modified tabularx

(C:\Users\Николай\AppData\Local\Programs\MiKTeX\tex/latex/tools\longtable.sty
Package: longtable 2021-09-01 v4.17 Multi-page Table package (DPC)
\LTleft=\skip59
\LTright=\skip60
\LTpre=\skip61
\LTpost=\skip62
\LTchunksize=\count291
\LTcapwidth=\dimen157
\LT@head=\box58
\LT@firsthead=\box59
\LT@foot=\box60
\LT@lastfoot=\box61
\LT@gbox=\box62
\LT@cols=\count292
\LT@rows=\count293
\c@LT@tables=\count294
\c@LT@chunks=\count295
\LT@p@ftn=\toks22
)))
(C:\Users\Николай\AppData\Local\Programs\MiKTeX\tex/latex/makecell\makecell.sty
Package: makecell 2009/08/03 V0.1e Managing of Tab Column Heads and Cells
\rotheadsize=\dimen158
\c@nlinenum=\count296
\TeXr@lab=\toks23
)
(C:\Users\Николай\AppData\Local\Programs\MiKTeX\tex/latex/setspace\setspace.sty
Package: setspace 2022/12/04 v6.7b set line spacing
) (C:\Users\Николай\AppData\Local\Programs\MiKTeX\tex/latex/tools\afterpage.sty
Package: afterpage 2014/10/28 v1.08 After-Page Package (DPC)
\AP@output=\toks24
\AP@partial=\box63
\AP@footins=\box64
)
(C:\Users\Николай\AppData\Local\Programs\MiKTeX\tex/latex/graphics\rotating.sty
Package: rotating 2016/08/11 v2.16d rotated objects in LaTeX
(C:\Users\Николай\AppData\Local\Programs\MiKTeX\tex/latex/base\ifthen.sty
Package: ifthen 2022/04/13 v1.1d Standard LaTeX ifthen package (DPC)
)
\c@r@tfl@t=\count297
\rotFPtop=\skip63
\rotFPbot=\skip64
\rot@float@box=\box65
\rot@mess@toks=\toks25
)

Package array Warning: Redefining primitive column r on input line 19.

(C:\Users\Николай\AppData\Local\Programs\MiKTeX\tex/latex/caption\caption.sty
Package: caption 2023/08/05 v3.6o Customizing captions (AR)

(C:\Users\Николай\AppData\Local\Programs\MiKTeX\tex/latex/caption\caption3.sty
Package: caption3 2023/07/31 v2.4d caption3 kernel (AR)
\caption@tempdima=\dimen159
\captionmargin=\dimen160
\caption@leftmargin=\dimen161
\caption@rightmargin=\dimen162
\caption@width=\dimen163
\caption@indent=\dimen164
\caption@parindent=\dimen165
\caption@hangindent=\dimen166
Package caption Info: Unknown document class (or package),
(caption)             standard defaults will be used.
Package caption Info: \@makecaption = \long macro:#1#2->\vskip \abovecaptionski
p \sbox \@tempboxa {#1 -- #2}\ifdim \wd \@tempboxa >\hsize #1 -- #2\par \else \
global \@minipagefalse \if \instring {Таб}{#1} \hb@xt@ \hsize {\box \@tempboxa 
\hfil }\else \hb@xt@ \hsize {\hfil \box \@tempboxa \hfil }\fi \fi \vskip \below
captionskip  on input line 1175.
)

Package caption Warning: Unknown document class (or package),
(caption)                standard defaults will be used.
See the caption package documentation for explanation.

\c@caption@flags=\count298
\c@continuedfloat=\count299
Package caption Info: float package is loaded.
Package caption Info: hyperref package is loaded.
Package caption Info: longtable package is loaded.

(C:\Users\Николай\AppData\Local\Programs\MiKTeX\tex/latex/caption\ltcaption.sty
Package: ltcaption 2021/01/08 v1.4c longtable captions (AR)
)
Package caption Info: rotating package is loaded.
)
(C:\Users\Николай\AppData\Local\Programs\MiKTeX\tex/latex/enumitem\enumitem.sty
Package: enumitem 2019/06/20 v3.9 Customized lists
\labelindent=\skip65
\enit@outerparindent=\dimen167
\enit@toks=\toks26
\enit@inbox=\box66
\enit@count@id=\count300
\enitdp@description=\count301
) (C:\Users\Николай\AppData\Local\Programs\MiKTeX\tex/latex/graphics\color.sty
Package: color 2022/01/06 v1.3d Standard LaTeX Color (DPC)

(C:\Users\Николай\AppData\Local\Programs\MiKTeX\tex/latex/graphics-cfg\color.cf
g
File: color.cfg 2016/01/02 v1.6 sample color configuration
)
Package color Info: Driver file: xetex.def on input line 149.

(C:\Users\Николай\AppData\Local\Programs\MiKTeX\tex/latex/graphics\mathcolor.lt
x))
(C:\Users\Николай\AppData\Local\Programs\MiKTeX\tex/latex/listings\listings.sty
\lst@mode=\count302
\lst@gtempboxa=\box67
\lst@token=\toks27
\lst@length=\count303
\lst@currlwidth=\dimen168
\lst@column=\count304
\lst@pos=\count305
\lst@lostspace=\dimen169
\lst@width=\dimen170
\lst@newlines=\count306
\lst@lineno=\count307
\lst@maxwidth=\dimen171
(C:\Users\Николай\AppData\Local\Programs\MiKTeX\tex/latex/listings\lstmisc.sty
File: lstmisc.sty 2023/02/27 1.9 (Carsten Heinz)
\c@lstnumber=\count308
\lst@skipnumbers=\count309
\lst@framebox=\box68
)
(C:\Users\Николай\AppData\Local\Programs\MiKTeX\tex/latex/listings\listings.cfg
File: listings.cfg 2023/02/27 1.9 listings configuration
))
Package: listings 2023/02/27 1.9 (Carsten Heinz)

Package fontspec Info: Font family 'Verdana(0)' created for font 'Verdana'
(fontspec)             with options
(fontspec)             [WordSpace={1,0,0},HyphenChar=None,PunctuationSpace=Word
Space,Scale=0.7].
(fontspec)              
(fontspec)              This font family consists of the following NFSS
(fontspec)             series/shapes:
(fontspec)              
(fontspec)             - 'normal' (m/n) with NFSS spec.:
(fontspec)             <->s*[0.7]"Verdana/OT:script=latn;language=dflt;"
(fontspec)             - 'small caps'  (m/sc) with NFSS spec.:
(fontspec)             <->s*[0.7]"Verdana/OT:script=latn;language=dflt;+smcp;"
(fontspec)             and font adjustment code:
(fontspec)             \fontdimen 2\font =1\fontdimen 2\font \fontdimen 3\font
(fontspec)             =0\fontdimen 3\font \fontdimen 4\font =0\fontdimen
(fontspec)             4\font \fontdimen 7\font =0\fontdimen 2\font
(fontspec)             \tex_hyphenchar:D \font =-1\scan_stop: 
(fontspec)             - 'bold' (b/n) with NFSS spec.:
(fontspec)             <->s*[0.7]"Verdana/B/OT:script=latn;language=dflt;"
(fontspec)             - 'bold small caps'  (b/sc) with NFSS spec.:
(fontspec)             <->s*[0.7]"Verdana/B/OT:script=latn;language=dflt;+smcp;
"
(fontspec)             and font adjustment code:
(fontspec)             \fontdimen 2\font =1\fontdimen 2\font \fontdimen 3\font
(fontspec)             =0\fontdimen 3\font \fontdimen 4\font =0\fontdimen
(fontspec)             4\font \fontdimen 7\font =0\fontdimen 2\font
(fontspec)             \tex_hyphenchar:D \font =-1\scan_stop: 
(fontspec)             - 'italic' (m/it) with NFSS spec.:
(fontspec)             <->s*[0.7]"Verdana/I/OT:script=latn;language=dflt;"
(fontspec)             - 'italic small caps'  (m/scit) with NFSS spec.:
(fontspec)             <->s*[0.7]"Verdana/I/OT:script=latn;language=dflt;+smcp;
"
(fontspec)             and font adjustment code:
(fontspec)             \fontdimen 2\font =1\fontdimen 2\font \fontdimen 3\font
(fontspec)             =0\fontdimen 3\font \fontdimen 4\font =0\fontdimen
(fontspec)             4\font \fontdimen 7\font =0\fontdimen 2\font
(fontspec)             \tex_hyphenchar:D \font =-1\scan_stop: 
(fontspec)             - 'bold italic' (b/it) with NFSS spec.:
(fontspec)             <->s*[0.7]"Verdana/BI/OT:script=latn;language=dflt;"
(fontspec)             - 'bold italic small caps'  (b/scit) with NFSS spec.:
(fontspec)             <->s*[0.7]"Verdana/BI/OT:script=latn;language=dflt;+smcp
;"
(fontspec)             and font adjustment code:
(fontspec)             \fontdimen 2\font =1\fontdimen 2\font \fontdimen 3\font
(fontspec)             =0\fontdimen 3\font \fontdimen 4\font =0\fontdimen
(fontspec)             4\font \fontdimen 7\font =0\fontdimen 2\font
(fontspec)             \tex_hyphenchar:D \font =-1\scan_stop: 


(C:\Users\Николай\AppData\Local\Programs\MiKTeX\tex/latex/listings\lstlang1.sty
File: lstlang1.sty 2023/02/27 1.9 listings language file
)
(C:\Users\Николай\AppData\Local\Programs\MiKTeX\tex/latex/listings\lstmisc.sty
File: lstmisc.sty 2023/02/27 1.9 (Carsten Heinz)
)) (main.aux)
\openout1 = `main.aux'.

LaTeX Font Info:    Checking defaults for OML/cmm/m/it on input line 31.
LaTeX Font Info:    ... okay on input line 31.
LaTeX Font Info:    Checking defaults for OMS/cmsy/m/n on input line 31.
LaTeX Font Info:    ... okay on input line 31.
LaTeX Font Info:    Checking defaults for OT1/cmr/m/n on input line 31.
LaTeX Font Info:    ... okay on input line 31.
LaTeX Font Info:    Checking defaults for T1/cmr/m/n on input line 31.
LaTeX Font Info:    ... okay on input line 31.
LaTeX Font Info:    Checking defaults for TS1/cmr/m/n on input line 31.
LaTeX Font Info:    Trying to load font information for TS1+cmr on input line 3
1.

(C:\Users\Николай\AppData\Local\Programs\MiKTeX\tex/latex/base\ts1cmr.fd
File: ts1cmr.fd 2023/04/13 v2.5m Standard LaTeX font definitions
)
LaTeX Font Info:    ... okay on input line 31.
LaTeX Font Info:    Checking defaults for TU/lmr/m/n on input line 31.
LaTeX Font Info:    ... okay on input line 31.
LaTeX Font Info:    Checking defaults for OMX/cmex/m/n on input line 31.
LaTeX Font Info:    ... okay on input line 31.
LaTeX Font Info:    Checking defaults for U/cmr/m/n on input line 31.
LaTeX Font Info:    ... okay on input line 31.
LaTeX Font Info:    Checking defaults for PD1/pdf/m/n on input line 31.
LaTeX Font Info:    ... okay on input line 31.
LaTeX Font Info:    Checking defaults for PU/pdf/m/n on input line 31.
LaTeX Font Info:    ... okay on input line 31.

Package fontspec Info: Adjusting the maths setup (use [no-math] to avoid
(fontspec)             this).

\symlegacymaths=\mathgroup4
LaTeX Font Info:    Overwriting symbol font `legacymaths' in version `bold'
(Font)                  OT1/cmr/m/n --> OT1/cmr/bx/n on input line 31.
LaTeX Font Info:    Redeclaring math accent \acute on input line 31.
LaTeX Font Info:    Redeclaring math accent \grave on input line 31.
LaTeX Font Info:    Redeclaring math accent \ddot on input line 31.
LaTeX Font Info:    Redeclaring math accent \tilde on input line 31.
LaTeX Font Info:    Redeclaring math accent \bar on input line 31.
LaTeX Font Info:    Redeclaring math accent \breve on input line 31.
LaTeX Font Info:    Redeclaring math accent \check on input line 31.
LaTeX Font Info:    Redeclaring math accent \hat on input line 31.
LaTeX Font Info:    Redeclaring math accent \dot on input line 31.
LaTeX Font Info:    Redeclaring math accent \mathring on input line 31.
LaTeX Font Info:    Redeclaring math symbol \colon on input line 31.
LaTeX Font Info:    Redeclaring math symbol \Gamma on input line 31.
LaTeX Font Info:    Redeclaring math symbol \Delta on input line 31.
LaTeX Font Info:    Redeclaring math symbol \Theta on input line 31.
LaTeX Font Info:    Redeclaring math symbol \Lambda on input line 31.
LaTeX Font Info:    Redeclaring math symbol \Xi on input line 31.
LaTeX Font Info:    Redeclaring math symbol \Pi on input line 31.
LaTeX Font Info:    Redeclaring math symbol \Sigma on input line 31.
LaTeX Font Info:    Redeclaring math symbol \Upsilon on input line 31.
LaTeX Font Info:    Redeclaring math symbol \Phi on input line 31.
LaTeX Font Info:    Redeclaring math symbol \Psi on input line 31.
LaTeX Font Info:    Redeclaring math symbol \Omega on input line 31.
LaTeX Font Info:    Redeclaring math symbol \mathdollar on input line 31.
LaTeX Font Info:    Redeclaring symbol font `operators' on input line 31.
LaTeX Font Info:    Encoding `OT1' has changed to `TU' for symbol font
(Font)              `operators' in the math version `normal' on input line 31.
LaTeX Font Info:    Overwriting symbol font `operators' in version `normal'
(Font)                  OT1/cmr/m/n --> TU/TimesNewRoman(0)/m/n on input line 3
1.
LaTeX Font Info:    Encoding `OT1' has changed to `TU' for symbol font
(Font)              `operators' in the math version `bold' on input line 31.
LaTeX Font Info:    Overwriting symbol font `operators' in version `bold'
(Font)                  OT1/cmr/bx/n --> TU/TimesNewRoman(0)/m/n on input line 
31.
LaTeX Font Info:    Overwriting symbol font `operators' in version `normal'
(Font)                  TU/TimesNewRoman(0)/m/n --> TU/TimesNewRoman(0)/m/n on 
input line 31.
LaTeX Font Info:    Overwriting math alphabet `\mathit' in version `normal'
(Font)                  OT1/cmr/m/it --> TU/TimesNewRoman(0)/m/it on input line
 31.
LaTeX Font Info:    Overwriting math alphabet `\mathbf' in version `normal'
(Font)                  OT1/cmr/bx/n --> TU/TimesNewRoman(0)/b/n on input line 
31.
LaTeX Font Info:    Overwriting math alphabet `\mathsf' in version `normal'
(Font)                  OT1/cmss/m/n --> TU/lmss/m/n on input line 31.
LaTeX Font Info:    Overwriting math alphabet `\mathtt' in version `normal'
(Font)                  OT1/cmtt/m/n --> TU/Verdana(0)/m/n on input line 31.
LaTeX Font Info:    Overwriting symbol font `operators' in version `bold'
(Font)                  TU/TimesNewRoman(0)/m/n --> TU/TimesNewRoman(0)/b/n on 
input line 31.
LaTeX Font Info:    Overwriting math alphabet `\mathit' in version `bold'
(Font)                  OT1/cmr/bx/it --> TU/TimesNewRoman(0)/b/it on input lin
e 31.
LaTeX Font Info:    Overwriting math alphabet `\mathsf' in version `bold'
(Font)                  OT1/cmss/bx/n --> TU/lmss/b/n on input line 31.
LaTeX Font Info:    Overwriting math alphabet `\mathtt' in version `bold'
(Font)                  OT1/cmtt/m/n --> TU/Verdana(0)/b/n on input line 31.
LaTeX Info: Redefining \th on input line 31.
Package hyperref Info: Link coloring OFF on input line 31.

(main.out) (main.out)
\@outlinefile=\write3
\openout3 = `main.out'.

Package caption Info: Begin \AtBeginDocument code.
Package caption Info: listings package is loaded.
Package caption Info: End \AtBeginDocument code.
\c@lstlisting=\count310
LaTeX Font Info:    External font `cmex10' loaded for size
(Font)              <14.4> on input line 33.
LaTeX Font Info:    External font `cmex10' loaded for size
(Font)              <7> on input line 33.

Overfull \hbox (4.70218pt too wide) in paragraph at lines 33--33
[] 
 []


Overfull \hbox (4.70218pt too wide) in paragraph at lines 33--33
[]
 []


Underfull \hbox (badness 10000) in paragraph at lines 33--33

 []

[1] (ЛистЗадания.tex [2] (main.lop [3])
\tf@lop=\write4
\openout4 = `main.lop'.


Overfull \hbox (4.70218pt too wide) in paragraph at lines 93--104
[][]
 []


Underfull \hbox (badness 10000) in paragraph at lines 93--104

 []

) (Реферат.tex [4]
\c=\count311
\last=\count312
\pnul=\count313
\c=\count314
\last=\count315
\pnul=\count316
 [5]) [6] (main.toc
Underfull \hbox (badness 10000) in paragraph at lines 27--27
[][][]\TU/TimesNewRoman(0)/m/n/14.4 Вариант использования «Выдача спортивного и
нвентаря 
 []

[7] [8])
\tf@toc=\write5
\openout5 = `main.toc'.

 (main.lpc)
\tf@lpc=\write6
\openout6 = `main.lpc'.

 (Обозначения.tex
Underfull \hbox (badness 1715) in paragraph at lines 1--1
\TU/TimesNewRoman(0)/m/n/14.4 Диаграмма прецедентов (Графический материал / Диа
грамма прецеден-
 []


Underfull \hbox (badness 3354) in paragraph at lines 1--1
\TU/TimesNewRoman(0)/m/n/14.4 Схема взаимодействия компонентов системы (Графиче
ский материал /
 []


Underfull \hbox (badness 10000) in paragraph at lines 1--1
\TU/TimesNewRoman(0)/m/n/14.4 Состав конфигурации (Графический материал / Соста
в конфигура-
 []


Underfull \hbox (badness 10000) in paragraph at lines 1--1

 []

[9]) (Введение.tex [10] [11]
\c=\count317
\last=\count318
\pnul=\count319
 [12]) (Анализ.tex [13]
Underfull \hbox (badness 2653) in paragraph at lines 18--19
[]\TU/TimesNewRoman(0)/m/n/14.4 материально-техническое обеспечение тренировочн
ого процесса,
 []

[14]
Underfull \hbox (badness 10000) in paragraph at lines 23--23
[]\TU/TimesNewRoman(0)/b/n/14.4 1.2 Проблематика традиционного подхода к ведени
ю
 []

[15] [16]
Underfull \hbox (badness 1946) in paragraph at lines 58--59
\TU/TimesNewRoman(0)/m/n/14.4 школы. Каждый спортсмен характеризуется набором а
нкетных данных,
 []

[17] [18]
Underfull \hbox (badness 2913) in paragraph at lines 70--71
[]\TU/TimesNewRoman(0)/m/n/14.4 Результаты выступления спортсменов на соревнова
ниях являются
 []


Underfull \hbox (badness 10000) in paragraph at lines 76--76
[]\TU/TimesNewRoman(0)/b/n/14.4 1.5 Анализ существующих решений для автоматизац
ии
 []

[19]
Underfull \hbox (badness 1590) in paragraph at lines 84--85
[]\TU/TimesNewRoman(0)/m/n/14.4 Третья категория - электронные таблицы (Microso
ft Excel, Google
 []


Underfull \hbox (badness 3118) in paragraph at lines 95--96
[]\TU/TimesNewRoman(0)/m/n/14.4 Прежде всего, необходимо централизованное хране
ние данных о
 []

[20]
Underfull \hbox (badness 4242) in paragraph at lines 100--101
[]\TU/TimesNewRoman(0)/m/n/14.4 Деятельность современной спортивной школы харак
теризуется
 []

) (ТехЗадание.tex [21]
Underfull \hbox (badness 1348) in paragraph at lines 11--12
\TU/TimesNewRoman(0)/m/n/14.4 ревнований), так и административные сценарии (вед
ение справочников,
 []

[22] [23] [24]
File: images/diagramma_admin2.eps Graphic file (type eps)
<images/diagramma_admin2.eps>
 [25] [26]
File: images/diagramma_trener.eps Graphic file (type eps)
<images/diagramma_trener.eps>

Underfull \hbox (badness 10000) in paragraph at lines 86--86
[]\TU/TimesNewRoman(0)/b/n/14.4 2.5.1 Вариант использования «Ведение справочник
а
 []

[27] [28] [29]
Underfull \hbox (badness 10000) in paragraph at lines 165--165
[]\TU/TimesNewRoman(0)/b/n/14.4 2.5.4 Вариант использования «Внесение результат
ов
 []


Underfull \hbox (badness 10000) in paragraph at lines 184--184
[]\TU/TimesNewRoman(0)/b/n/14.4 2.5.5 Вариант использования «Формирование отчет
а по
 []

[30]
Underfull \hbox (badness 1715) in paragraph at lines 202--202
[]\TU/TimesNewRoman(0)/b/n/14.4 2.5.6 Вариант использования «Назначение тренера
 на группу
 []

[31]
Underfull \hbox (badness 10000) in paragraph at lines 244--244
[]\TU/TimesNewRoman(0)/b/n/14.4 2.5.8 Вариант использования «Поступление спорти
вного
 []

[32]
Underfull \hbox (badness 1831) in paragraph at lines 258--259
[]\TU/TimesNewRoman(0)/m/n/14.4 В табличной части администратор добавляет строк
и: выбирает
 []

[33]
Underfull \hbox (badness 10000) in paragraph at lines 289--289
[]\TU/TimesNewRoman(0)/b/n/14.4 2.5.10 Вариант использования «Списание непригод
ного
 []

[34]
Underfull \hbox (badness 10000) in paragraph at lines 326--326
[]\TU/TimesNewRoman(0)/b/n/14.4 2.5.12 Вариант использования «Прикрепление файл
ов к
 []


Underfull \hbox (badness 10000) in paragraph at lines 344--344
[]\TU/TimesNewRoman(0)/b/n/14.4 2.5.13 Вариант использования «Отправка уведомле
ния
 []

[35]
Underfull \hbox (badness 1400) in paragraph at lines 372--373
[]\TU/TimesNewRoman(0)/b/n/14.4 Альтернативный сценарий (ошибка подключения к п
очтовому
 []

[36] [37]) (ТехПроект.tex [38]
Underfull \hbox (badness 1308) in paragraph at lines 3--3
[]\TU/TimesNewRoman(0)/b/n/14.4 3.1 Архитектура и взаимодействие компонентов пр
ограммной
 []

File: images/ris3_1.png Graphic file (type bmp)
<images/ris3_1.png>
[39] [40]
Underfull \hbox (badness 1642) in paragraph at lines 32--33
[]\TU/TimesNewRoman(0)/m/n/14.4 Справочники образуют фундамент системы, храня и
нформацию о
 []

File: images/ris3_2.png Graphic file (type bmp)
<images/ris3_2.png>
[41] [42]
Underfull \hbox (badness 2689) in paragraph at lines 61--62
[]|\TU/TimesNewRoman(0)/m/n/14.4 Хранение анкетных данных учащихся, видов
 []


Underfull \hbox (badness 1365) in paragraph at lines 65--66
[]|\TU/TimesNewRoman(0)/m/n/14.4 Перечень учебных групп с привязкой к виду
 []


Underfull \hbox (badness 10000) in paragraph at lines 69--69
[]|\TU/TimesNewRoman(0)/m/n/14.4 Спортивные дисци-
 []


Underfull \hbox (badness 10000) in paragraph at lines 75--75
[]|\TU/TimesNewRoman(0)/m/n/14.4 Спортивный инвен-
 []

[43]
File: images/er_diagramma2.png Graphic file (type bmp)
<images/er_diagramma2.png>
 [44] [45]
Underfull \hbox (badness 1590) in paragraph at lines 126--127
[]|\TU/TimesNewRoman(0)/m/n/14.4 Регистр сведений «Результаты соревнова-
 []


Underfull \hbox (badness 2181) in paragraph at lines 132--133
[]|\TU/TimesNewRoman(0)/m/n/14.4 Регистр накопления «Спортивный инвен-
 []


Underfull \hbox (badness 2181) in paragraph at lines 134--135
[]|\TU/TimesNewRoman(0)/m/n/14.4 Регистр накопления «Спортивный инвен-
 []


Underfull \hbox (badness 2181) in paragraph at lines 136--137
[]|\TU/TimesNewRoman(0)/m/n/14.4 Регистр накопления «Спортивный инвен-
 []


Underfull \hbox (badness 2181) in paragraph at lines 138--139
[]|\TU/TimesNewRoman(0)/m/n/14.4 Регистр накопления «Спортивный инвен-
 []

[46] [47]
File: images/raspis_tabl.png Graphic file (type bmp)
<images/raspis_tabl.png>
 [48]
Underfull \hbox (badness 1502) in paragraph at lines 178--179
\TU/TimesNewRoman(0)/m/n/14.4 нер». Разграничение прав выполнено штатными средс
твами платформы
 []

[49]) (РабочийПроект.tex [50] [51] [52]
Underfull \hbox (badness 10000) in paragraph at lines 25--26
[]|\TU/TimesNewRoman(0)/m/n/14.4 Проверка заполнения
 []


Underfull \hbox (badness 10000) in paragraph at lines 25--26
\TU/TimesNewRoman(0)/m/n/14.4 обязательных полей
 []


Underfull \hbox (badness 10000) in paragraph at lines 27--28
[]|\TU/TimesNewRoman(0)/m/n/14.4 Автоматическое
 []


Underfull \hbox (badness 5939) in paragraph at lines 27--28
\TU/TimesNewRoman(0)/m/n/14.4 формирование наиме-
 []


Underfull \hbox (badness 10000) in paragraph at lines 29--30
[]|\TU/TimesNewRoman(0)/m/n/14.4 Проверка заполнения
 []


Underfull \hbox (badness 10000) in paragraph at lines 29--30
\TU/TimesNewRoman(0)/m/n/14.4 специализации (Вид
 []


Underfull \hbox (badness 10000) in paragraph at lines 31--32
[]|\TU/TimesNewRoman(0)/m/n/14.4 Автоматическое
 []


Underfull \hbox (badness 5939) in paragraph at lines 31--32
\TU/TimesNewRoman(0)/m/n/14.4 формирование наиме-
 []


Underfull \hbox (badness 10000) in paragraph at lines 33--34
[]|\TU/TimesNewRoman(0)/m/n/14.4 Проверка заполнения
 []


Underfull \hbox (badness 10000) in paragraph at lines 35--36
[]|\TU/TimesNewRoman(0)/m/n/14.4 Автоматическое
 []


Underfull \hbox (badness 5939) in paragraph at lines 35--36
\TU/TimesNewRoman(0)/m/n/14.4 формирование наиме-
 []


Underfull \hbox (badness 10000) in paragraph at lines 35--36
\TU/TimesNewRoman(0)/m/n/14.4 нования по времени
 []


Overfull \hbox (2.034pt too wide) in paragraph at lines 20--38
[] 
 []

[53]
Underfull \hbox (badness 10000) in paragraph at lines 56--56
[]|\TU/TimesNewRoman(0)/m/n/14.4 Формируемые движе-
 []


Underfull \hbox (badness 10000) in paragraph at lines 58--58
[]|\TU/TimesNewRoman(0)/m/n/14.4 ОбработкаПроведения
 []


Underfull \hbox (badness 10000) in paragraph at lines 58--58
[]|\TU/TimesNewRoman(0)/m/n/14.4 Регистры сведений
 []


Underfull \hbox (badness 10000) in paragraph at lines 58--58
\TU/TimesNewRoman(0)/m/n/14.4 «Расписание занятий»,
 []


Underfull \hbox (badness 10000) in paragraph at lines 58--58
\TU/TimesNewRoman(0)/m/n/14.4 «Расписание занятий
 []


Underfull \hbox (badness 10000) in paragraph at lines 58--59
[]|\TU/TimesNewRoman(0)/m/n/14.4 Обход строк ТЧ,
 []


Underfull \hbox (badness 10000) in paragraph at lines 58--59
\TU/TimesNewRoman(0)/m/n/14.4 формирование за-
 []


Underfull \hbox (badness 10000) in paragraph at lines 60--60
[]|\TU/TimesNewRoman(0)/m/n/14.4 ОбработкаПроведения
 []


Underfull \hbox (badness 10000) in paragraph at lines 60--60
\TU/TimesNewRoman(0)/m/n/14.4 (ПриказОНазначении
 []


Underfull \hbox (badness 2735) in paragraph at lines 60--61
\TU/TimesNewRoman(0)/m/n/14.4 нер - спортсмен -
 []


Underfull \hbox (badness 10000) in paragraph at lines 62--62
[]|\TU/TimesNewRoman(0)/m/n/14.4 ОбработкаПроведения
 []


Underfull \hbox (badness 10000) in paragraph at lines 62--62
\TU/TimesNewRoman(0)/m/n/14.4 (РезультатыСоревнова-
 []


Underfull \hbox (badness 3646) in paragraph at lines 62--62
[]|\TU/TimesNewRoman(0)/m/n/14.4 Регистр сведений «Ре-
 []


Underfull \hbox (badness 10000) in paragraph at lines 64--64
[]|\TU/TimesNewRoman(0)/m/n/14.4 ОбработкаПроведения
 []


Underfull \hbox (badness 10000) in paragraph at lines 64--64
[]|\TU/TimesNewRoman(0)/m/n/14.4 Регистр накопления
 []


Underfull \hbox (badness 10000) in paragraph at lines 64--64
\TU/TimesNewRoman(0)/m/n/14.4 «Спортивный инвен-
 []


Underfull \hbox (badness 10000) in paragraph at lines 64--64
\TU/TimesNewRoman(0)/m/n/14.4 тарь организации»
 []


Underfull \hbox (badness 10000) in paragraph at lines 64--65
\TU/TimesNewRoman(0)/m/n/14.4 ходных движений
 []


Underfull \hbox (badness 10000) in paragraph at lines 66--66
[]|\TU/TimesNewRoman(0)/m/n/14.4 ОбработкаПроведения
 []


Underfull \hbox (badness 10000) in paragraph at lines 66--66
[]|\TU/TimesNewRoman(0)/m/n/14.4 Регистр накопления
 []


Underfull \hbox (badness 10000) in paragraph at lines 66--66
\TU/TimesNewRoman(0)/m/n/14.4 «Спортивный инвен-
 []


Underfull \hbox (badness 10000) in paragraph at lines 66--66
\TU/TimesNewRoman(0)/m/n/14.4 тарь организации»
 []


Underfull \hbox (badness 10000) in paragraph at lines 66--66
\TU/TimesNewRoman(0)/m/n/14.4 (расход, приход на
 []


Underfull \hbox (badness 10000) in paragraph at lines 66--67
[]|\TU/TimesNewRoman(0)/m/n/14.4 Формирование
 []


Underfull \hbox (badness 10000) in paragraph at lines 66--67
\TU/TimesNewRoman(0)/m/n/14.4 расходных дви-
 []


Underfull \hbox (badness 10000) in paragraph at lines 66--67
\TU/TimesNewRoman(0)/m/n/14.4 жений со склада
 []


Underfull \hbox (badness 3108) in paragraph at lines 66--67
\TU/TimesNewRoman(0)/m/n/14.4 и приходных - на
 []


Overfull \hbox (2.034pt too wide) in paragraph at lines 53--70
[]
 []

[54]
Overfull \hbox (1.85812pt too wide) in paragraph at lines 85--85
[]|\TU/TimesNewRoman(0)/m/n/14.4 ПриСозданииНаСервере| 
 []


Underfull \hbox (badness 10000) in paragraph at lines 85--85
[]|\TU/TimesNewRoman(0)/m/n/14.4 Расписание
 []


Underfull \hbox (badness 6461) in paragraph at lines 85--86
\TU/TimesNewRoman(0)/m/n/14.4 циализация реквизита «Ме-
 []


Underfull \hbox (badness 10000) in paragraph at lines 87--87
[]|\TU/TimesNewRoman(0)/m/n/14.4 Расписание
 []


Underfull \hbox (badness 10000) in paragraph at lines 87--88
[]|\TU/TimesNewRoman(0)/m/n/14.4 Обновление планировщика
 []


Underfull \hbox (badness 10000) in paragraph at lines 89--89
[]|\TU/TimesNewRoman(0)/m/n/14.4 Расписание
 []


Underfull \hbox (badness 1577) in paragraph at lines 89--90
[]|\TU/TimesNewRoman(0)/m/n/14.4 Фильтрация отображения по
 []


Underfull \hbox (badness 2790) in paragraph at lines 91--91
[]|\TU/TimesNewRoman(0)/m/n/14.4 ЗаполнитьИзФайла На-
 []


Underfull \hbox (badness 10000) in paragraph at lines 91--91
[]|\TU/TimesNewRoman(0)/m/n/14.4 Результаты
 []


Underfull \hbox (badness 10000) in paragraph at lines 93--93
[]|\TU/TimesNewRoman(0)/m/n/14.4 ОтправитьНапоминание
 []


Underfull \hbox (badness 10000) in paragraph at lines 95--95
[]|\TU/TimesNewRoman(0)/m/n/14.4 УчастникиУчастник
 []


Underfull \hbox (badness 10000) in paragraph at lines 95--96
[]|\TU/TimesNewRoman(0)/m/n/14.4 Открытие формы выбора
 []


Underfull \hbox (badness 8113) in paragraph at lines 95--96
\TU/TimesNewRoman(0)/m/n/14.4 спортсменов с отбором по
 []


Overfull \hbox (2.034pt too wide) in paragraph at lines 80--99
[]
 []

[55]
Underfull \hbox (badness 3646) in paragraph at lines 133--133
[]\TU/TimesNewRoman(0)/b/n/14.4 4.2.3 Алгоритм отправки почтовых уведомлений уч
астникам
 []

[56]
Underfull \hbox (badness 10000) in paragraph at lines 150--150
[]\TU/TimesNewRoman(0)/b/n/14.4 4.2.4 Алгоритм формирования печатной формы прик
аза о
 []

[57]
Underfull \hbox (badness 3219) in paragraph at lines 166--166
[]\TU/TimesNewRoman(0)/b/n/14.4 4.3.1 Тестовый сценарий: создание и проведение 
расписания
 []

File: images/raspis_zanatiy_rab_proeckt.png Graphic file (type bmp)
<images/raspis_zanatiy_rab_proeckt.png>
[58]
File: images/rez_sorev1.png Graphic file (type bmp)
<images/rez_sorev1.png>
 [59]
File: images/vidacha.png Graphic file (type bmp)
<images/vidacha.png>
 [60]
Underfull \hbox (badness 10000) in paragraph at lines 223--223
[]\TU/TimesNewRoman(0)/b/n/14.4 4.3.4 Тестовый сценарий: формирование печатной 
формы
 []

File: images/prisvoenie_razr.png Graphic file (type bmp)
<images/prisvoenie_razr.png>
[61]
File: images/fail.png Graphic file (type bmp)
<images/fail.png>
 [62]
File: images/uvedomlenie.png Graphic file (type bmp)
<images/uvedomlenie.png>
 [63]
File: images/vid_trener.png Graphic file (type bmp)
<images/vid_trener.png>
) (Заключение.tex [64] [65] [66]) (СписокИсточников.tex [67]
Underfull \hbox (badness 10000) in paragraph at lines 23--24
[]\TU/TimesNewRoman(0)/m/n/14.4 Габец, А. П. Реализация прикладных задач в сист
еме
 []


Underfull \hbox (badness 1622) in paragraph at lines 23--24
\TU/TimesNewRoman(0)/m/n/14.4 ”1С:Предприятие 8.2”/ А. П. Габец, Д. В. Козырев,
 Д. С. Кухлевский,
 []

[68]
Underfull \hbox (badness 10000) in paragraph at lines 29--30
[]\TU/TimesNewRoman(0)/m/n/14.4 Гончаров, Д. И. Решение специальных прикладных 
задач в
 []


Underfull \hbox (badness 2384) in paragraph at lines 29--30
\TU/TimesNewRoman(0)/m/n/14.4 1С:Предприятии 8.2 / Д. И. Гончаров, Е. Ю. Хруста
лева. - Москва :
 []


Underfull \hbox (badness 1552) in paragraph at lines 33--34
\TU/TimesNewRoman(0)/m/n/14.4 зованием / Л. С. Носова. - Челябинск : Изд-во Южн
о-Уральского гос.
 []

[69]
Underfull \hbox (badness 7595) in paragraph at lines 47--48
[]\TU/TimesNewRoman(0)/m/n/14.4 Радченко, М. Г. 1С:Программирование для начинаю
щих. Де-
 []


Underfull \hbox (badness 2343) in paragraph at lines 47--48
\TU/TimesNewRoman(0)/m/n/14.4 тям и родителям, менеджерам и руководителям. Разр
аботка в системе
 []


Underfull \hbox (badness 5175) in paragraph at lines 51--52
[]\TU/TimesNewRoman(0)/m/n/14.4 Хрусталева, Е. Ю. Система взаимодействия. Комму
никации в
 []

[70] [71]
Underfull \hbox (badness 1762) in paragraph at lines 99--100
[]\TU/TimesNewRoman(0)/m/n/14.4 Рэшка, Д. Тестирование программного обеспечения
. Внедрение,
 []


Underfull \hbox (badness 1371) in paragraph at lines 103--104
[]\TU/TimesNewRoman(0)/m/n/14.4 Кейнер, К. Тестирование программного обеспечени
я : контекст-
 []

[72]
Underfull \hbox (badness 6641) in paragraph at lines 144--145
[]\TU/TimesNewRoman(0)/m/n/14.4 Единая всероссийская спортивная классификация :
 официаль-
 []


Underfull \hbox (badness 10000) in paragraph at lines 144--145
\TU/TimesNewRoman(0)/m/n/14.4 ный сайт. - URL: https://www.minsport.gov.ru/spor
t/podgotovka/edinaya-
 []

) (Плакаты.tex [73] [74]
File: images/Diplom1.png Graphic file (type bmp)
<images/Diplom1.png>
 [74

]
Overfull \vbox (9.89822pt too high) has occurred while \output is active []


[75]
File: images/Diplom2.png Graphic file (type bmp)
<images/Diplom2.png>

Overfull \vbox (10.14432pt too high) has occurred while \output is active []


[76]
File: images/Diplom3.png Graphic file (type bmp)
<images/Diplom3.png>

Overfull \vbox (9.85693pt too high) has occurred while \output is active []


[77]
File: images/Diplom4.png Graphic file (type bmp)
<images/Diplom4.png>

Overfull \vbox (9.89822pt too high) has occurred while \output is active []


[78]
File: images/Diplom5.png Graphic file (type bmp)
<images/Diplom5.png>

Overfull \vbox (10.14432pt too high) has occurred while \output is active []


[79]
File: images/Diplom6.png Graphic file (type bmp)
<images/Diplom6.png>

Overfull \vbox (9.89822pt too high) has occurred while \output is active []


[80]
File: images/Diplom7.png Graphic file (type bmp)
<images/Diplom7.png>

Overfull \vbox (9.89822pt too high) has occurred while \output is active []


[81]
File: images/Diplom8.png Graphic file (type bmp)
<images/Diplom8.png>

Overfull \vbox (9.89822pt too high) has occurred while \output is active []


[82]
File: images/Diplom9.png Graphic file (type bmp)
<images/Diplom9.png>

Overfull \vbox (9.89822pt too high) has occurred while \output is active []


[83]) (Код.tex
(C:\Users\Николай\AppData\Local\Programs\MiKTeX\tex/latex/listings\lstlang1.sty
File: lstlang1.sty 2023/02/27 1.9 listings language file
)
Package hyperref Info: bookmark level for unknown lstlisting defaults to 0 on i
nput line 8.
LaTeX Font Info:    Font shape `TU/Verdana(0)/m/n' will be
(Font)              scaled to size 10.07994pt on input line 8.
LaTeX Font Info:    Font shape `TU/Verdana(0)/m/n' will be
(Font)              scaled to size 7.66496pt on input line 8.
 (sorev_document.txt [84

] [85]) (rez_sorev.txt [86] [87] [88] [89])
(zayavka_razr.txt [90] [91]) (prikaz_razr.txt) (raspisanie.txt [92] [93]
[94]) (raspisanie_grupp.txt [95] [96]) [97]
Overfull \hbox (4.70218pt too wide) in paragraph at lines 48--63
[] 
 []

)

Package caption Warning: Unused \captionsetup[table] on input line 35.
See the caption package documentation for explanation.

[98] (main.aux)
 ***********
LaTeX2e <2023-06-01> patch level 1
L3 programming layer <2023-08-29>
 ***********
Package rerunfilecheck Info: File `main.out' has not changed.
(rerunfilecheck)             Checksum: 17F05628F53F4AD93B1F383D02A98E71;25017.
 ) 
Here is how much of TeX's memory you used:
 16702 strings out of 410378
 320442 string characters out of 5787624
 2198416 words of memory out of 5000000
 37743 multiletter control sequences out of 15000+600000
 559614 words of font info for 74 fonts, out of 8000000 for 9000
 1348 hyphenation exceptions out of 8191
 99i,11n,110p,966b,2305s stack positions out of 10000i,1000n,20000p,200000b,200000s

Output written on main.pdf (99 pages).
